
=== Mon Nov  4 21:11:23 2019

Packages were changed.
Update Mode: mergeDefaultDependencies

The following packages were updated:
  com.unity.ide.rider from version 1.0.4 to 1.1.0
  com.unity.ide.vscode from version 1.0.4 to 1.1.2

=== Thu Nov 28 15:29:30 2019

Packages were changed.
Update Mode: updateDependencies

The following packages were updated:
  com.unity.ide.vscode from version 1.1.2 to 1.1.3
  com.unity.probuilder from version 4.0.5 to 4.1.0
  com.unity.render-pipelines.lightweight from version 6.9.0 to 7.1.5
  com.unity.test-framework from version 1.0.13 to 1.1.3
  com.unity.timeline from version 1.1.0 to 1.2.6
The following packages were removed:
  com.unity.package-manager-ui@2.2.0

=== Fri Jan  3 21:15:35 2020

Packages were changed.
Update Mode: updateDependencies

The following packages were updated:
  com.unity.ide.rider from version 1.1.0 to 1.1.4
  com.unity.render-pipelines.lightweight from version 7.1.5 to 7.1.6
